<?xml version="1.0" encoding="UTF-8"?>
<!-- Generated by org.testng.reporters.JUnitReportReporter -->
<testsuite hostname="FallenCap" failures="0" tests="1" name="seleniumTest.test5" time="10.741" errors="0" timestamp="2023-06-30T11:47:03 IST" skipped="0">
  <testcase classname="seleniumTest.test5" name="openOneSearchResult" time="10.741"/>
</testsuite> <!-- seleniumTest.test5 -->
