<?xml version="1.0" encoding="UTF-8"?>
<!-- Generated by org.testng.reporters.JUnitReportReporter -->
<testsuite hostname="FallenCap" failures="0" tests="1" name="seleniumTest.test2" time="8.724" errors="0" timestamp="2023-06-30T10:46:10 IST" skipped="0">
  <testcase classname="seleniumTest.test2" name="verifyLogo" time="8.724"/>
</testsuite> <!-- seleniumTest.test2 -->
