<?xml version="1.0" encoding="UTF-8"?>
<!-- Generated by org.testng.reporters.JUnitReportReporter -->
<testsuite hostname="FallenCap" failures="0" tests="5" name="seleniumTest.test1" time="109.540" errors="0" timestamp="2023-06-30T14:43:32 IST" skipped="0">
  <testcase classname="seleniumTest.test1" name="verifyTitle" time="21.014"/>
  <testcase classname="seleniumTest.test1" name="verifyLogo" time="18.983"/>
  <testcase classname="seleniumTest.test1" name="openOneSearchResult" time="19.421"/>
  <testcase classname="seleniumTest.test1" name="verifySearchResults" time="23.008"/>
  <testcase classname="seleniumTest.test1" name="searchProduct" time="27.114"/>
</testsuite> <!-- seleniumTest.test1 -->
